2015-02-20 15:48:40,069 [Worker-5] INFO  o.e.m.c.i.l.LifecycleMappingFactory - Using org.eclipse.m2e.jdt.JarLifecycleMapping lifecycle mapping for MavenProject: com.lesson6:CalculatorTesting:0.0.1-SNAPSHOT @ D:\Tutorial Automation\TestAutomationFundamentals Curse\9 Lesson_XUnit&TestNG\lesson6_javaProject\CalculatorTesting\pom.xml.
2015-02-20 15:48:40,699 [Worker-5] INFO  o.e.m.j.i.AbstractJavaProjectConfigurator - Adding source folder /CalculatorTesting/src/main/java
2015-02-20 15:48:40,701 [Worker-5] INFO  o.e.m.j.i.AbstractJavaProjectConfigurator - Adding resource folder /CalculatorTesting/src/main/resources
2015-02-20 15:48:40,703 [Worker-5] INFO  o.e.m.j.i.AbstractJavaProjectConfigurator - Adding source folder /CalculatorTesting/src/test/java
2015-02-20 15:48:40,703 [Worker-5] INFO  o.e.m.j.i.AbstractJavaProjectConfigurator - Adding resource folder /CalculatorTesting/src/test/resources
2015-02-20 15:48:41,486 [Worker-4] INFO  o.e.m.c.i.l.LifecycleMappingFactory - Using org.eclipse.m2e.jdt.JarLifecycleMapping lifecycle mapping for MavenProject: com.lesson6:CalculatorTesting:0.0.1-SNAPSHOT @ D:\Tutorial Automation\TestAutomationFundamentals Curse\9 Lesson_XUnit&TestNG\lesson6_javaProject\CalculatorTesting\pom.xml.
2015-02-20 15:48:41,763 [Worker-4] WARN  o.e.m.c.i.embedder.EclipseLogger - Using platform encoding (Cp1252 actually) to copy filtered resources, i.e. build is platform dependent!
2015-02-20 15:48:41,771 [Worker-4] INFO  o.e.m.c.i.embedder.EclipseLogger - Copying 0 resource
2015-02-20 15:48:41,775 [Worker-4] WARN  o.e.m.c.i.embedder.EclipseLogger - Using platform encoding (Cp1252 actually) to copy filtered resources, i.e. build is platform dependent!
2015-02-20 15:48:41,776 [Worker-4] INFO  o.e.m.c.i.embedder.EclipseLogger - Copying 0 resource
2015-02-20 15:48:42,705 [Worker-4] INFO  o.e.m.c.i.l.LifecycleMappingFactory - Using org.eclipse.m2e.jdt.JarLifecycleMapping lifecycle mapping for MavenProject: com.lesson6:CalculatorTesting:0.0.1-SNAPSHOT @ D:\Tutorial Automation\TestAutomationFundamentals Curse\9 Lesson_XUnit&TestNG\lesson6_javaProject\CalculatorTesting\pom.xml.
2015-02-20 15:48:42,936 [Worker-2] WARN  o.e.m.c.i.embedder.EclipseLogger - Using platform encoding (Cp1252 actually) to copy filtered resources, i.e. build is platform dependent!
2015-02-20 15:48:42,939 [Worker-2] INFO  o.e.m.c.i.embedder.EclipseLogger - Copying 0 resource
2015-02-20 15:48:42,941 [Worker-2] WARN  o.e.m.c.i.embedder.EclipseLogger - Using platform encoding (Cp1252 actually) to copy filtered resources, i.e. build is platform dependent!
2015-02-20 15:48:42,942 [Worker-2] INFO  o.e.m.c.i.embedder.EclipseLogger - Copying 0 resource
2015-02-20 15:49:15,002 [Worker-0] WARN  o.e.m.c.i.embedder.EclipseLogger - Using platform encoding (Cp1252 actually) to copy filtered resources, i.e. build is platform dependent!
2015-02-20 15:49:15,004 [Worker-0] INFO  o.e.m.c.i.embedder.EclipseLogger - Copying 0 resource
2015-02-20 15:49:15,009 [Worker-0] WARN  o.e.m.c.i.embedder.EclipseLogger - Using platform encoding (Cp1252 actually) to copy filtered resources, i.e. build is platform dependent!
2015-02-20 15:49:15,011 [Worker-0] INFO  o.e.m.c.i.embedder.EclipseLogger - Copying 0 resource
2015-02-20 15:49:17,673 [Worker-3] INFO  o.e.m.c.i.l.LifecycleMappingFactory - Using org.eclipse.m2e.jdt.JarLifecycleMapping lifecycle mapping for MavenProject: com.lesson6:CalculatorTesting:0.0.1-SNAPSHOT @ D:\Tutorial Automation\TestAutomationFundamentals Curse\9 Lesson_XUnit&TestNG\lesson6_javaProject\CalculatorTesting\pom.xml.
2015-02-20 15:49:17,740 [Worker-3] WARN  o.e.m.c.i.embedder.EclipseLogger - Using platform encoding (Cp1252 actually) to copy filtered resources, i.e. build is platform dependent!
2015-02-20 15:49:17,741 [Worker-3] INFO  o.e.m.c.i.embedder.EclipseLogger - Copying 0 resource
2015-02-20 15:49:17,743 [Worker-3] WARN  o.e.m.c.i.embedder.EclipseLogger - Using platform encoding (Cp1252 actually) to copy filtered resources, i.e. build is platform dependent!
2015-02-20 15:49:17,744 [Worker-3] INFO  o.e.m.c.i.embedder.EclipseLogger - Copying 0 resource
2015-02-20 15:50:45,260 [main] ERROR o.e.m2e.actions.ExecutePomAction - '&' is an invalid character in a configuration name
org.eclipse.core.runtime.CoreException: '&' is an invalid character in a configuration name
	at org.eclipse.debug.internal.core.LaunchConfigurationType.newInstance(LaunchConfigurationType.java:475) ~[org.eclipse.debug.core_3.9.0.v20140521-1435.jar:na]
	at org.eclipse.m2e.actions.ExecutePomAction.createLaunchConfiguration(ExecutePomAction.java:202) [org.eclipse.m2e.launching_1.5.0.20140606-0033.jar:na]
	at org.eclipse.m2e.actions.ExecutePomAction.getLaunchConfiguration(ExecutePomAction.java:261) [org.eclipse.m2e.launching_1.5.0.20140606-0033.jar:na]
	at org.eclipse.m2e.actions.ExecutePomAction.launch(ExecutePomAction.java:138) [org.eclipse.m2e.launching_1.5.0.20140606-0033.jar:na]
	at org.eclipse.m2e.actions.ExecutePomAction.launch(ExecutePomAction.java:127) [org.eclipse.m2e.launching_1.5.0.20140606-0033.jar:na]
	at org.eclipse.debug.internal.ui.launchConfigurations.LaunchShortcutExtension.launch(LaunchShortcutExtension.java:431) [org.eclipse.debug.ui_3.10.0.v20140604-1637.jar:na]
	at org.eclipse.debug.internal.ui.actions.LaunchShortcutAction.run(LaunchShortcutAction.java:74) [org.eclipse.debug.ui_3.10.0.v20140604-1637.jar:na]
	at org.eclipse.debug.internal.ui.actions.LaunchShortcutAction.runWithEvent(LaunchShortcutAction.java:123) [org.eclipse.debug.ui_3.10.0.v20140604-1637.jar:na]
	at org.eclipse.jface.action.ActionContributionItem.handleWidgetSelection(ActionContributionItem.java:595) [org.eclipse.jface_3.10.0.v20140604-0740.jar:na]
	at org.eclipse.jface.action.ActionContributionItem.access$2(ActionContributionItem.java:511) [org.eclipse.jface_3.10.0.v20140604-0740.jar:na]
	at org.eclipse.jface.action.ActionContributionItem$5.handleEvent(ActionContributionItem.java:420) [org.eclipse.jface_3.10.0.v20140604-0740.jar:na]
	at org.eclipse.swt.widgets.EventTable.sendEvent(EventTable.java:84) [org.eclipse.swt.win32.win32.x86_64_3.103.0.v20140605-2012.jar:na]
	at org.eclipse.swt.widgets.Display.sendEvent(Display.java:4353) [org.eclipse.swt.win32.win32.x86_64_3.103.0.v20140605-2012.jar:na]
	at org.eclipse.swt.widgets.Widget.sendEvent(Widget.java:1061) [org.eclipse.swt.win32.win32.x86_64_3.103.0.v20140605-2012.jar:na]
	at org.eclipse.swt.widgets.Widget.sendEvent(Widget.java:1085) [org.eclipse.swt.win32.win32.x86_64_3.103.0.v20140605-2012.jar:na]
	at org.eclipse.swt.widgets.Widget.sendEvent(Widget.java:1070) [org.eclipse.swt.win32.win32.x86_64_3.103.0.v20140605-2012.jar:na]
	at org.eclipse.swt.widgets.Widget.notifyListeners(Widget.java:782) [org.eclipse.swt.win32.win32.x86_64_3.103.0.v20140605-2012.jar:na]
	at org.eclipse.jface.action.ActionContributionItem$9.handleEvent(ActionContributionItem.java:1293) [org.eclipse.jface_3.10.0.v20140604-0740.jar:na]
	at org.eclipse.swt.widgets.EventTable.sendEvent(EventTable.java:84) [org.eclipse.swt.win32.win32.x86_64_3.103.0.v20140605-2012.jar:na]
	at org.eclipse.swt.widgets.Display.sendEvent(Display.java:4353) [org.eclipse.swt.win32.win32.x86_64_3.103.0.v20140605-2012.jar:na]
	at org.eclipse.swt.widgets.Widget.sendEvent(Widget.java:1061) [org.eclipse.swt.win32.win32.x86_64_3.103.0.v20140605-2012.jar:na]
	at org.eclipse.swt.widgets.Display.runDeferredEvents(Display.java:4172) [org.eclipse.swt.win32.win32.x86_64_3.103.0.v20140605-2012.jar:na]
	at org.eclipse.swt.widgets.Display.readAndDispatch(Display.java:3761) [org.eclipse.swt.win32.win32.x86_64_3.103.0.v20140605-2012.jar:na]
	at org.eclipse.e4.ui.internal.workbench.swt.PartRenderingEngine$9.run(PartRenderingEngine.java:1151) [org.eclipse.e4.ui.workbench.swt_0.12.100.v20140530-1436.jar:na]
	at org.eclipse.core.databinding.observable.Realm.runWithDefault(Realm.java:332) [org.eclipse.core.databinding.observable_1.4.1.v20140210-1835.jar:na]
	at org.eclipse.e4.ui.internal.workbench.swt.PartRenderingEngine.run(PartRenderingEngine.java:1032) [org.eclipse.e4.ui.workbench.swt_0.12.100.v20140530-1436.jar:na]
	at org.eclipse.e4.ui.internal.workbench.E4Workbench.createAndRunUI(E4Workbench.java:148) [org.eclipse.e4.ui.workbench_1.1.0.v20140528-1949.jar:na]
	at org.eclipse.ui.internal.Workbench$5.run(Workbench.java:636) [org.eclipse.ui.workbench_3.106.0.v20140530-0732.jar:na]
	at org.eclipse.core.databinding.observable.Realm.runWithDefault(Realm.java:332) [org.eclipse.core.databinding.observable_1.4.1.v20140210-1835.jar:na]
	at org.eclipse.ui.internal.Workbench.createAndRunWorkbench(Workbench.java:579) [org.eclipse.ui.workbench_3.106.0.v20140530-0732.jar:na]
	at org.eclipse.ui.PlatformUI.createAndRunWorkbench(PlatformUI.java:150) [org.eclipse.ui.workbench_3.106.0.v20140530-0732.jar:na]
	at org.eclipse.ui.internal.ide.application.IDEApplication.start(IDEApplication.java:135) [org.eclipse.ui.ide.application_1.0.500.v20140514-2033.jar:na]
	at org.eclipse.equinox.internal.app.EclipseAppHandle.run(EclipseAppHandle.java:196) [org.eclipse.equinox.app_1.3.200.v20130910-1609.jar:na]
	at org.eclipse.core.runtime.internal.adaptor.EclipseAppLauncher.runApplication(EclipseAppLauncher.java:134) [org.eclipse.osgi_3.10.0.v20140606-1445.jar:na]
	at org.eclipse.core.runtime.internal.adaptor.EclipseAppLauncher.start(EclipseAppLauncher.java:104) [org.eclipse.osgi_3.10.0.v20140606-1445.jar:na]
	at org.eclipse.core.runtime.adaptor.EclipseStarter.run(EclipseStarter.java:382) [org.eclipse.osgi_3.10.0.v20140606-1445.jar:na]
	at org.eclipse.core.runtime.adaptor.EclipseStarter.run(EclipseStarter.java:236) [org.eclipse.osgi_3.10.0.v20140606-1445.jar:na]
	at sun.reflect.NativeMethodAccessorImpl.invoke0(Native Method) ~[na:1.8.0_20]
	at sun.reflect.NativeMethodAccessorImpl.invoke(Unknown Source) ~[na:1.8.0_20]
	at sun.reflect.DelegatingMethodAccessorImpl.invoke(Unknown Source) ~[na:1.8.0_20]
	at java.lang.reflect.Method.invoke(Unknown Source) ~[na:1.8.0_20]
	at org.eclipse.equinox.launcher.Main.invokeFramework(Main.java:648) [org.eclipse.equinox.launcher_1.3.0.v20140415-2008.jar:na]
	at org.eclipse.equinox.launcher.Main.basicRun(Main.java:603) [org.eclipse.equinox.launcher_1.3.0.v20140415-2008.jar:na]
	at org.eclipse.equinox.launcher.Main.run(Main.java:1465) [org.eclipse.equinox.launcher_1.3.0.v20140415-2008.jar:na]
	at org.eclipse.equinox.launcher.Main.main(Main.java:1438) [org.eclipse.equinox.launcher_1.3.0.v20140415-2008.jar:na]
Caused by: java.lang.IllegalArgumentException: '&' is an invalid character in a configuration name
	at org.eclipse.debug.internal.core.LaunchManager.isValidLaunchConfigurationName(LaunchManager.java:2710) ~[org.eclipse.debug.core_3.9.0.v20140521-1435.jar:na]
	at org.eclipse.debug.internal.core.LaunchConfigurationType.newInstance(LaunchConfigurationType.java:473) ~[org.eclipse.debug.core_3.9.0.v20140521-1435.jar:na]
	... 44 common frames omitted
2015-02-20 15:51:21,862 [main] ERROR o.e.m2e.actions.ExecutePomAction - '&' is an invalid character in a configuration name
org.eclipse.core.runtime.CoreException: '&' is an invalid character in a configuration name
	at org.eclipse.debug.internal.core.LaunchConfigurationType.newInstance(LaunchConfigurationType.java:475) ~[org.eclipse.debug.core_3.9.0.v20140521-1435.jar:na]
	at org.eclipse.m2e.actions.ExecutePomAction.createLaunchConfiguration(ExecutePomAction.java:202) [org.eclipse.m2e.launching_1.5.0.20140606-0033.jar:na]
	at org.eclipse.m2e.actions.ExecutePomAction.getLaunchConfiguration(ExecutePomAction.java:261) [org.eclipse.m2e.launching_1.5.0.20140606-0033.jar:na]
	at org.eclipse.m2e.actions.ExecutePomAction.launch(ExecutePomAction.java:138) [org.eclipse.m2e.launching_1.5.0.20140606-0033.jar:na]
	at org.eclipse.m2e.actions.ExecutePomAction.launch(ExecutePomAction.java:95) [org.eclipse.m2e.launching_1.5.0.20140606-0033.jar:na]
	at org.eclipse.debug.internal.ui.launchConfigurations.LaunchShortcutExtension.launch(LaunchShortcutExtension.java:420) [org.eclipse.debug.ui_3.10.0.v20140604-1637.jar:na]
	at org.eclipse.debug.internal.ui.actions.LaunchShortcutAction.run(LaunchShortcutAction.java:71) [org.eclipse.debug.ui_3.10.0.v20140604-1637.jar:na]
	at org.eclipse.debug.internal.ui.actions.LaunchShortcutAction.runWithEvent(LaunchShortcutAction.java:123) [org.eclipse.debug.ui_3.10.0.v20140604-1637.jar:na]
	at org.eclipse.jface.action.ActionContributionItem.handleWidgetSelection(ActionContributionItem.java:595) [org.eclipse.jface_3.10.0.v20140604-0740.jar:na]
	at org.eclipse.jface.action.ActionContributionItem.access$2(ActionContributionItem.java:511) [org.eclipse.jface_3.10.0.v20140604-0740.jar:na]
	at org.eclipse.jface.action.ActionContributionItem$5.handleEvent(ActionContributionItem.java:420) [org.eclipse.jface_3.10.0.v20140604-0740.jar:na]
	at org.eclipse.swt.widgets.EventTable.sendEvent(EventTable.java:84) [org.eclipse.swt.win32.win32.x86_64_3.103.0.v20140605-2012.jar:na]
	at org.eclipse.swt.widgets.Display.sendEvent(Display.java:4353) [org.eclipse.swt.win32.win32.x86_64_3.103.0.v20140605-2012.jar:na]
	at org.eclipse.swt.widgets.Widget.sendEvent(Widget.java:1061) [org.eclipse.swt.win32.win32.x86_64_3.103.0.v20140605-2012.jar:na]
	at org.eclipse.swt.widgets.Widget.sendEvent(Widget.java:1085) [org.eclipse.swt.win32.win32.x86_64_3.103.0.v20140605-2012.jar:na]
	at org.eclipse.swt.widgets.Widget.sendEvent(Widget.java:1070) [org.eclipse.swt.win32.win32.x86_64_3.103.0.v20140605-2012.jar:na]
	at org.eclipse.swt.widgets.Widget.notifyListeners(Widget.java:782) [org.eclipse.swt.win32.win32.x86_64_3.103.0.v20140605-2012.jar:na]
	at org.eclipse.jface.action.ActionContributionItem$9.handleEvent(ActionContributionItem.java:1293) [org.eclipse.jface_3.10.0.v20140604-0740.jar:na]
	at org.eclipse.swt.widgets.EventTable.sendEvent(EventTable.java:84) [org.eclipse.swt.win32.win32.x86_64_3.103.0.v20140605-2012.jar:na]
	at org.eclipse.swt.widgets.Display.sendEvent(Display.java:4353) [org.eclipse.swt.win32.win32.x86_64_3.103.0.v20140605-2012.jar:na]
	at org.eclipse.swt.widgets.Widget.sendEvent(Widget.java:1061) [org.eclipse.swt.win32.win32.x86_64_3.103.0.v20140605-2012.jar:na]
	at org.eclipse.swt.widgets.Display.runDeferredEvents(Display.java:4172) [org.eclipse.swt.win32.win32.x86_64_3.103.0.v20140605-2012.jar:na]
	at org.eclipse.swt.widgets.Display.readAndDispatch(Display.java:3761) [org.eclipse.swt.win32.win32.x86_64_3.103.0.v20140605-2012.jar:na]
	at org.eclipse.e4.ui.internal.workbench.swt.PartRenderingEngine$9.run(PartRenderingEngine.java:1151) [org.eclipse.e4.ui.workbench.swt_0.12.100.v20140530-1436.jar:na]
	at org.eclipse.core.databinding.observable.Realm.runWithDefault(Realm.java:332) [org.eclipse.core.databinding.observable_1.4.1.v20140210-1835.jar:na]
	at org.eclipse.e4.ui.internal.workbench.swt.PartRenderingEngine.run(PartRenderingEngine.java:1032) [org.eclipse.e4.ui.workbench.swt_0.12.100.v20140530-1436.jar:na]
	at org.eclipse.e4.ui.internal.workbench.E4Workbench.createAndRunUI(E4Workbench.java:148) [org.eclipse.e4.ui.workbench_1.1.0.v20140528-1949.jar:na]
	at org.eclipse.ui.internal.Workbench$5.run(Workbench.java:636) [org.eclipse.ui.workbench_3.106.0.v20140530-0732.jar:na]
	at org.eclipse.core.databinding.observable.Realm.runWithDefault(Realm.java:332) [org.eclipse.core.databinding.observable_1.4.1.v20140210-1835.jar:na]
	at org.eclipse.ui.internal.Workbench.createAndRunWorkbench(Workbench.java:579) [org.eclipse.ui.workbench_3.106.0.v20140530-0732.jar:na]
	at org.eclipse.ui.PlatformUI.createAndRunWorkbench(PlatformUI.java:150) [org.eclipse.ui.workbench_3.106.0.v20140530-0732.jar:na]
	at org.eclipse.ui.internal.ide.application.IDEApplication.start(IDEApplication.java:135) [org.eclipse.ui.ide.application_1.0.500.v20140514-2033.jar:na]
	at org.eclipse.equinox.internal.app.EclipseAppHandle.run(EclipseAppHandle.java:196) [org.eclipse.equinox.app_1.3.200.v20130910-1609.jar:na]
	at org.eclipse.core.runtime.internal.adaptor.EclipseAppLauncher.runApplication(EclipseAppLauncher.java:134) [org.eclipse.osgi_3.10.0.v20140606-1445.jar:na]
	at org.eclipse.core.runtime.internal.adaptor.EclipseAppLauncher.start(EclipseAppLauncher.java:104) [org.eclipse.osgi_3.10.0.v20140606-1445.jar:na]
	at org.eclipse.core.runtime.adaptor.EclipseStarter.run(EclipseStarter.java:382) [org.eclipse.osgi_3.10.0.v20140606-1445.jar:na]
	at org.eclipse.core.runtime.adaptor.EclipseStarter.run(EclipseStarter.java:236) [org.eclipse.osgi_3.10.0.v20140606-1445.jar:na]
	at sun.reflect.NativeMethodAccessorImpl.invoke0(Native Method) ~[na:1.8.0_20]
	at sun.reflect.NativeMethodAccessorImpl.invoke(Unknown Source) ~[na:1.8.0_20]
	at sun.reflect.DelegatingMethodAccessorImpl.invoke(Unknown Source) ~[na:1.8.0_20]
	at java.lang.reflect.Method.invoke(Unknown Source) ~[na:1.8.0_20]
	at org.eclipse.equinox.launcher.Main.invokeFramework(Main.java:648) [org.eclipse.equinox.launcher_1.3.0.v20140415-2008.jar:na]
	at org.eclipse.equinox.launcher.Main.basicRun(Main.java:603) [org.eclipse.equinox.launcher_1.3.0.v20140415-2008.jar:na]
	at org.eclipse.equinox.launcher.Main.run(Main.java:1465) [org.eclipse.equinox.launcher_1.3.0.v20140415-2008.jar:na]
	at org.eclipse.equinox.launcher.Main.main(Main.java:1438) [org.eclipse.equinox.launcher_1.3.0.v20140415-2008.jar:na]
Caused by: java.lang.IllegalArgumentException: '&' is an invalid character in a configuration name
	at org.eclipse.debug.internal.core.LaunchManager.isValidLaunchConfigurationName(LaunchManager.java:2710) ~[org.eclipse.debug.core_3.9.0.v20140521-1435.jar:na]
	at org.eclipse.debug.internal.core.LaunchConfigurationType.newInstance(LaunchConfigurationType.java:473) ~[org.eclipse.debug.core_3.9.0.v20140521-1435.jar:na]
	... 44 common frames omitted
2015-02-20 15:54:45,499 [Worker-7] WARN  o.e.m.c.i.embedder.EclipseLogger - Using platform encoding (Cp1252 actually) to copy filtered resources, i.e. build is platform dependent!
2015-02-20 15:54:45,505 [Worker-7] INFO  o.e.m.c.i.embedder.EclipseLogger - Copying 0 resource
2015-02-20 15:54:45,508 [Worker-7] WARN  o.e.m.c.i.embedder.EclipseLogger - Using platform encoding (Cp1252 actually) to copy filtered resources, i.e. build is platform dependent!
2015-02-20 15:54:45,509 [Worker-7] INFO  o.e.m.c.i.embedder.EclipseLogger - Copying 0 resource
2015-02-20 15:54:46,573 [Worker-6] WARN  o.e.m.c.i.embedder.EclipseLogger - Using platform encoding (Cp1252 actually) to copy filtered resources, i.e. build is platform dependent!
2015-02-20 15:54:46,575 [Worker-6] INFO  o.e.m.c.i.embedder.EclipseLogger - Copying 0 resource
2015-02-20 15:54:46,576 [Worker-6] WARN  o.e.m.c.i.embedder.EclipseLogger - Using platform encoding (Cp1252 actually) to copy filtered resources, i.e. build is platform dependent!
2015-02-20 15:54:46,578 [Worker-6] INFO  o.e.m.c.i.embedder.EclipseLogger - Copying 0 resource
2015-02-20 15:56:02,982 [Worker-9] INFO  o.e.m.c.i.l.LifecycleMappingFactory - Using org.eclipse.m2e.jdt.JarLifecycleMapping lifecycle mapping for MavenProject: com.lesson6:CalculatorTesting:0.0.1-SNAPSHOT @ D:\Tutorial Automation\TestAutomationFundamentals Curse\9 Lesson_XUnit&TestNG\lesson6_javaProject\CalculatorTesting\pom.xml.
2015-02-20 15:56:03,100 [Worker-9] WARN  o.e.m.c.i.embedder.EclipseLogger - Using platform encoding (Cp1252 actually) to copy filtered resources, i.e. build is platform dependent!
2015-02-20 15:56:03,101 [Worker-9] INFO  o.e.m.c.i.embedder.EclipseLogger - Copying 0 resource
2015-02-20 15:56:03,103 [Worker-9] WARN  o.e.m.c.i.embedder.EclipseLogger - Using platform encoding (Cp1252 actually) to copy filtered resources, i.e. build is platform dependent!
2015-02-20 15:56:03,104 [Worker-9] INFO  o.e.m.c.i.embedder.EclipseLogger - Copying 0 resource
2015-02-20 15:56:03,389 [Worker-6] WARN  o.e.m.c.i.embedder.EclipseLogger - Using platform encoding (Cp1252 actually) to copy filtered resources, i.e. build is platform dependent!
2015-02-20 15:56:03,390 [Worker-6] INFO  o.e.m.c.i.embedder.EclipseLogger - Copying 0 resource
2015-02-20 15:56:03,394 [Worker-6] WARN  o.e.m.c.i.embedder.EclipseLogger - Using platform encoding (Cp1252 actually) to copy filtered resources, i.e. build is platform dependent!
2015-02-20 15:56:03,396 [Worker-6] INFO  o.e.m.c.i.embedder.EclipseLogger - Copying 0 resource
2015-02-20 15:56:11,827 [main] ERROR o.e.m2e.actions.ExecutePomAction - '&' is an invalid character in a configuration name
org.eclipse.core.runtime.CoreException: '&' is an invalid character in a configuration name
	at org.eclipse.debug.internal.core.LaunchConfigurationType.newInstance(LaunchConfigurationType.java:475) ~[org.eclipse.debug.core_3.9.0.v20140521-1435.jar:na]
	at org.eclipse.m2e.actions.ExecutePomAction.createLaunchConfiguration(ExecutePomAction.java:202) [org.eclipse.m2e.launching_1.5.0.20140606-0033.jar:na]
	at org.eclipse.m2e.actions.ExecutePomAction.getLaunchConfiguration(ExecutePomAction.java:261) [org.eclipse.m2e.launching_1.5.0.20140606-0033.jar:na]
	at org.eclipse.m2e.actions.ExecutePomAction.launch(ExecutePomAction.java:138) [org.eclipse.m2e.launching_1.5.0.20140606-0033.jar:na]
	at org.eclipse.m2e.actions.ExecutePomAction.launch(ExecutePomAction.java:127) [org.eclipse.m2e.launching_1.5.0.20140606-0033.jar:na]
	at org.eclipse.debug.internal.ui.launchConfigurations.LaunchShortcutExtension.launch(LaunchShortcutExtension.java:431) [org.eclipse.debug.ui_3.10.0.v20140604-1637.jar:na]
	at org.eclipse.debug.internal.ui.actions.LaunchShortcutAction.run(LaunchShortcutAction.java:74) [org.eclipse.debug.ui_3.10.0.v20140604-1637.jar:na]
	at org.eclipse.debug.internal.ui.actions.LaunchShortcutAction.runWithEvent(LaunchShortcutAction.java:123) [org.eclipse.debug.ui_3.10.0.v20140604-1637.jar:na]
	at org.eclipse.jface.action.ActionContributionItem.handleWidgetSelection(ActionContributionItem.java:595) [org.eclipse.jface_3.10.0.v20140604-0740.jar:na]
	at org.eclipse.jface.action.ActionContributionItem.access$2(ActionContributionItem.java:511) [org.eclipse.jface_3.10.0.v20140604-0740.jar:na]
	at org.eclipse.jface.action.ActionContributionItem$5.handleEvent(ActionContributionItem.java:420) [org.eclipse.jface_3.10.0.v20140604-0740.jar:na]
	at org.eclipse.swt.widgets.EventTable.sendEvent(EventTable.java:84) [org.eclipse.swt.win32.win32.x86_64_3.103.0.v20140605-2012.jar:na]
	at org.eclipse.swt.widgets.Display.sendEvent(Display.java:4353) [org.eclipse.swt.win32.win32.x86_64_3.103.0.v20140605-2012.jar:na]
	at org.eclipse.swt.widgets.Widget.sendEvent(Widget.java:1061) [org.eclipse.swt.win32.win32.x86_64_3.103.0.v20140605-2012.jar:na]
	at org.eclipse.swt.widgets.Widget.sendEvent(Widget.java:1085) [org.eclipse.swt.win32.win32.x86_64_3.103.0.v20140605-2012.jar:na]
	at org.eclipse.swt.widgets.Widget.sendEvent(Widget.java:1070) [org.eclipse.swt.win32.win32.x86_64_3.103.0.v20140605-2012.jar:na]
	at org.eclipse.swt.widgets.Widget.notifyListeners(Widget.java:782) [org.eclipse.swt.win32.win32.x86_64_3.103.0.v20140605-2012.jar:na]
	at org.eclipse.jface.action.ActionContributionItem$9.handleEvent(ActionContributionItem.java:1293) [org.eclipse.jface_3.10.0.v20140604-0740.jar:na]
	at org.eclipse.swt.widgets.EventTable.sendEvent(EventTable.java:84) [org.eclipse.swt.win32.win32.x86_64_3.103.0.v20140605-2012.jar:na]
	at org.eclipse.swt.widgets.Display.sendEvent(Display.java:4353) [org.eclipse.swt.win32.win32.x86_64_3.103.0.v20140605-2012.jar:na]
	at org.eclipse.swt.widgets.Widget.sendEvent(Widget.java:1061) [org.eclipse.swt.win32.win32.x86_64_3.103.0.v20140605-2012.jar:na]
	at org.eclipse.swt.widgets.Display.runDeferredEvents(Display.java:4172) [org.eclipse.swt.win32.win32.x86_64_3.103.0.v20140605-2012.jar:na]
	at org.eclipse.swt.widgets.Display.readAndDispatch(Display.java:3761) [org.eclipse.swt.win32.win32.x86_64_3.103.0.v20140605-2012.jar:na]
	at org.eclipse.e4.ui.internal.workbench.swt.PartRenderingEngine$9.run(PartRenderingEngine.java:1151) [org.eclipse.e4.ui.workbench.swt_0.12.100.v20140530-1436.jar:na]
	at org.eclipse.core.databinding.observable.Realm.runWithDefault(Realm.java:332) [org.eclipse.core.databinding.observable_1.4.1.v20140210-1835.jar:na]
	at org.eclipse.e4.ui.internal.workbench.swt.PartRenderingEngine.run(PartRenderingEngine.java:1032) [org.eclipse.e4.ui.workbench.swt_0.12.100.v20140530-1436.jar:na]
	at org.eclipse.e4.ui.internal.workbench.E4Workbench.createAndRunUI(E4Workbench.java:148) [org.eclipse.e4.ui.workbench_1.1.0.v20140528-1949.jar:na]
	at org.eclipse.ui.internal.Workbench$5.run(Workbench.java:636) [org.eclipse.ui.workbench_3.106.0.v20140530-0732.jar:na]
	at org.eclipse.core.databinding.observable.Realm.runWithDefault(Realm.java:332) [org.eclipse.core.databinding.observable_1.4.1.v20140210-1835.jar:na]
	at org.eclipse.ui.internal.Workbench.createAndRunWorkbench(Workbench.java:579) [org.eclipse.ui.workbench_3.106.0.v20140530-0732.jar:na]
	at org.eclipse.ui.PlatformUI.createAndRunWorkbench(PlatformUI.java:150) [org.eclipse.ui.workbench_3.106.0.v20140530-0732.jar:na]
	at org.eclipse.ui.internal.ide.application.IDEApplication.start(IDEApplication.java:135) [org.eclipse.ui.ide.application_1.0.500.v20140514-2033.jar:na]
	at org.eclipse.equinox.internal.app.EclipseAppHandle.run(EclipseAppHandle.java:196) [org.eclipse.equinox.app_1.3.200.v20130910-1609.jar:na]
	at org.eclipse.core.runtime.internal.adaptor.EclipseAppLauncher.runApplication(EclipseAppLauncher.java:134) [org.eclipse.osgi_3.10.0.v20140606-1445.jar:na]
	at org.eclipse.core.runtime.internal.adaptor.EclipseAppLauncher.start(EclipseAppLauncher.java:104) [org.eclipse.osgi_3.10.0.v20140606-1445.jar:na]
	at org.eclipse.core.runtime.adaptor.EclipseStarter.run(EclipseStarter.java:382) [org.eclipse.osgi_3.10.0.v20140606-1445.jar:na]
	at org.eclipse.core.runtime.adaptor.EclipseStarter.run(EclipseStarter.java:236) [org.eclipse.osgi_3.10.0.v20140606-1445.jar:na]
	at sun.reflect.NativeMethodAccessorImpl.invoke0(Native Method) ~[na:1.8.0_20]
	at sun.reflect.NativeMethodAccessorImpl.invoke(Unknown Source) ~[na:1.8.0_20]
	at sun.reflect.DelegatingMethodAccessorImpl.invoke(Unknown Source) ~[na:1.8.0_20]
	at java.lang.reflect.Method.invoke(Unknown Source) ~[na:1.8.0_20]
	at org.eclipse.equinox.launcher.Main.invokeFramework(Main.java:648) [org.eclipse.equinox.launcher_1.3.0.v20140415-2008.jar:na]
	at org.eclipse.equinox.launcher.Main.basicRun(Main.java:603) [org.eclipse.equinox.launcher_1.3.0.v20140415-2008.jar:na]
	at org.eclipse.equinox.launcher.Main.run(Main.java:1465) [org.eclipse.equinox.launcher_1.3.0.v20140415-2008.jar:na]
	at org.eclipse.equinox.launcher.Main.main(Main.java:1438) [org.eclipse.equinox.launcher_1.3.0.v20140415-2008.jar:na]
Caused by: java.lang.IllegalArgumentException: '&' is an invalid character in a configuration name
	at org.eclipse.debug.internal.core.LaunchManager.isValidLaunchConfigurationName(LaunchManager.java:2710) ~[org.eclipse.debug.core_3.9.0.v20140521-1435.jar:na]
	at org.eclipse.debug.internal.core.LaunchConfigurationType.newInstance(LaunchConfigurationType.java:473) ~[org.eclipse.debug.core_3.9.0.v20140521-1435.jar:na]
	... 44 common frames omitted
2015-02-20 15:56:53,493 [main] INFO  o.e.m.c.i.l.LifecycleMappingFactory - Using org.eclipse.m2e.jdt.JarLifecycleMapping lifecycle mapping for MavenProject: com.lesson6:CalculatorTesting:0.0.1-SNAPSHOT @ D:\Tutorial Automation\TestAutomationFundamentals Curse\9 Lesson_XUnit&TestNG\lesson6_javaProject\CalculatorTesting\pom.xml.
2015-02-20 15:57:10,935 [Worker-6] INFO  o.e.m.c.i.l.LifecycleMappingFactory - Using org.eclipse.m2e.jdt.JarLifecycleMapping lifecycle mapping for MavenProject: com.lesson6:CalculatorTesting:0.0.1-SNAPSHOT @ D:\Tutorial Automation\TestAutomationFundamentals Curse\9 Lesson_XUnit&TestNG\lesson6_javaProject\CalculatorTesting\pom.xml.
2015-02-20 15:57:11,059 [Worker-6] WARN  o.e.m.c.i.embedder.EclipseLogger - Using platform encoding (Cp1252 actually) to copy filtered resources, i.e. build is platform dependent!
2015-02-20 15:57:11,060 [Worker-6] INFO  o.e.m.c.i.embedder.EclipseLogger - Copying 0 resource
2015-02-20 15:57:11,062 [Worker-6] WARN  o.e.m.c.i.embedder.EclipseLogger - Using platform encoding (Cp1252 actually) to copy filtered resources, i.e. build is platform dependent!
2015-02-20 15:57:11,063 [Worker-6] INFO  o.e.m.c.i.embedder.EclipseLogger - Copying 0 resource
2015-02-20 15:57:15,190 [Worker-8] INFO  o.e.m.c.i.p.ProjectConfigurationManager - Update started
2015-02-20 15:57:15,254 [Worker-8] INFO  o.e.m.c.i.l.LifecycleMappingFactory - Using org.eclipse.m2e.jdt.JarLifecycleMapping lifecycle mapping for MavenProject: com.lesson6:CalculatorTesting:0.0.1-SNAPSHOT @ D:\Tutorial Automation\TestAutomationFundamentals Curse\9 Lesson_XUnit&TestNG\lesson6_javaProject\CalculatorTesting\pom.xml.
2015-02-20 15:57:15,328 [Worker-8] INFO  o.e.m.j.i.AbstractJavaProjectConfigurator - Adding source folder /CalculatorTesting/src/main/java
2015-02-20 15:57:15,329 [Worker-8] INFO  o.e.m.j.i.AbstractJavaProjectConfigurator - Adding resource folder /CalculatorTesting/src/main/resources
2015-02-20 15:57:15,329 [Worker-8] INFO  o.e.m.j.i.AbstractJavaProjectConfigurator - Adding source folder /CalculatorTesting/src/test/java
2015-02-20 15:57:15,329 [Worker-8] INFO  o.e.m.j.i.AbstractJavaProjectConfigurator - Adding resource folder /CalculatorTesting/src/test/resources
2015-02-20 15:57:15,472 [Worker-8] INFO  o.e.m.c.i.l.LifecycleMappingFactory - Using org.eclipse.m2e.jdt.JarLifecycleMapping lifecycle mapping for MavenProject: com.lesson6:CalculatorTesting:0.0.1-SNAPSHOT @ D:\Tutorial Automation\TestAutomationFundamentals Curse\9 Lesson_XUnit&TestNG\lesson6_javaProject\CalculatorTesting\pom.xml.
2015-02-20 15:57:15,551 [Worker-8] INFO  o.e.m.c.i.p.ProjectConfigurationManager - Update completed: 0 sec
2015-02-20 15:57:15,811 [Worker-1] WARN  o.e.m.c.i.embedder.EclipseLogger - Using platform encoding (Cp1252 actually) to copy filtered resources, i.e. build is platform dependent!
2015-02-20 15:57:15,812 [Worker-1] INFO  o.e.m.c.i.embedder.EclipseLogger - Copying 0 resource
2015-02-20 15:57:15,814 [Worker-1] WARN  o.e.m.c.i.embedder.EclipseLogger - Using platform encoding (Cp1252 actually) to copy filtered resources, i.e. build is platform dependent!
2015-02-20 15:57:15,815 [Worker-1] INFO  o.e.m.c.i.embedder.EclipseLogger - Copying 0 resource
2015-02-20 15:57:44,070 [Worker-9] INFO  o.e.m.c.i.l.LifecycleMappingFactory - Using org.eclipse.m2e.jdt.JarLifecycleMapping lifecycle mapping for MavenProject: com.lesson6:CalculatorTesting:0.0.1-SNAPSHOT @ D:\Tutorial Automation\TestAutomationFundamentals Curse\9 Lesson_XUnit&TestNG\lesson6_javaProject\CalculatorTesting\pom.xml.
2015-02-20 15:57:44,174 [Worker-9] WARN  o.e.m.c.i.embedder.EclipseLogger - Using platform encoding (Cp1252 actually) to copy filtered resources, i.e. build is platform dependent!
2015-02-20 15:57:44,175 [Worker-9] INFO  o.e.m.c.i.embedder.EclipseLogger - Copying 0 resource
2015-02-20 15:57:44,177 [Worker-9] WARN  o.e.m.c.i.embedder.EclipseLogger - Using platform encoding (Cp1252 actually) to copy filtered resources, i.e. build is platform dependent!
2015-02-20 15:57:44,178 [Worker-9] INFO  o.e.m.c.i.embedder.EclipseLogger - Copying 0 resource
2015-02-20 16:01:51,001 [Worker-8] WARN  o.e.m.c.i.embedder.EclipseLogger - Using platform encoding (Cp1252 actually) to copy filtered resources, i.e. build is platform dependent!
2015-02-20 16:01:51,003 [Worker-8] INFO  o.e.m.c.i.embedder.EclipseLogger - Copying 0 resource
2015-02-20 16:01:51,004 [Worker-8] WARN  o.e.m.c.i.embedder.EclipseLogger - Using platform encoding (Cp1252 actually) to copy filtered resources, i.e. build is platform dependent!
2015-02-20 16:01:51,006 [Worker-8] INFO  o.e.m.c.i.embedder.EclipseLogger - Copying 0 resource
2015-02-20 16:05:19,278 [main] ERROR o.e.m2e.actions.ExecutePomAction - '&' is an invalid character in a configuration name
org.eclipse.core.runtime.CoreException: '&' is an invalid character in a configuration name
	at org.eclipse.debug.internal.core.LaunchConfigurationType.newInstance(LaunchConfigurationType.java:475) ~[org.eclipse.debug.core_3.9.0.v20140521-1435.jar:na]
	at org.eclipse.m2e.actions.ExecutePomAction.createLaunchConfiguration(ExecutePomAction.java:202) [org.eclipse.m2e.launching_1.5.0.20140606-0033.jar:na]
	at org.eclipse.m2e.actions.ExecutePomAction.getLaunchConfiguration(ExecutePomAction.java:261) [org.eclipse.m2e.launching_1.5.0.20140606-0033.jar:na]
	at org.eclipse.m2e.actions.ExecutePomAction.launch(ExecutePomAction.java:138) [org.eclipse.m2e.launching_1.5.0.20140606-0033.jar:na]
	at org.eclipse.m2e.actions.ExecutePomAction.launch(ExecutePomAction.java:127) [org.eclipse.m2e.launching_1.5.0.20140606-0033.jar:na]
	at org.eclipse.debug.internal.ui.launchConfigurations.LaunchShortcutExtension.launch(LaunchShortcutExtension.java:431) [org.eclipse.debug.ui_3.10.0.v20140604-1637.jar:na]
	at org.eclipse.debug.internal.ui.actions.LaunchShortcutAction.run(LaunchShortcutAction.java:74) [org.eclipse.debug.ui_3.10.0.v20140604-1637.jar:na]
	at org.eclipse.debug.internal.ui.actions.LaunchShortcutAction.runWithEvent(LaunchShortcutAction.java:123) [org.eclipse.debug.ui_3.10.0.v20140604-1637.jar:na]
	at org.eclipse.jface.action.ActionContributionItem.handleWidgetSelection(ActionContributionItem.java:595) [org.eclipse.jface_3.10.0.v20140604-0740.jar:na]
	at org.eclipse.jface.action.ActionContributionItem.access$2(ActionContributionItem.java:511) [org.eclipse.jface_3.10.0.v20140604-0740.jar:na]
	at org.eclipse.jface.action.ActionContributionItem$5.handleEvent(ActionContributionItem.java:420) [org.eclipse.jface_3.10.0.v20140604-0740.jar:na]
	at org.eclipse.swt.widgets.EventTable.sendEvent(EventTable.java:84) [org.eclipse.swt.win32.win32.x86_64_3.103.0.v20140605-2012.jar:na]
	at org.eclipse.swt.widgets.Display.sendEvent(Display.java:4353) [org.eclipse.swt.win32.win32.x86_64_3.103.0.v20140605-2012.jar:na]
	at org.eclipse.swt.widgets.Widget.sendEvent(Widget.java:1061) [org.eclipse.swt.win32.win32.x86_64_3.103.0.v20140605-2012.jar:na]
	at org.eclipse.swt.widgets.Widget.sendEvent(Widget.java:1085) [org.eclipse.swt.win32.win32.x86_64_3.103.0.v20140605-2012.jar:na]
	at org.eclipse.swt.widgets.Widget.sendEvent(Widget.java:1070) [org.eclipse.swt.win32.win32.x86_64_3.103.0.v20140605-2012.jar:na]
	at org.eclipse.swt.widgets.Widget.notifyListeners(Widget.java:782) [org.eclipse.swt.win32.win32.x86_64_3.103.0.v20140605-2012.jar:na]
	at org.eclipse.jface.action.ActionContributionItem$9.handleEvent(ActionContributionItem.java:1293) [org.eclipse.jface_3.10.0.v20140604-0740.jar:na]
	at org.eclipse.swt.widgets.EventTable.sendEvent(EventTable.java:84) [org.eclipse.swt.win32.win32.x86_64_3.103.0.v20140605-2012.jar:na]
	at org.eclipse.swt.widgets.Display.sendEvent(Display.java:4353) [org.eclipse.swt.win32.win32.x86_64_3.103.0.v20140605-2012.jar:na]
	at org.eclipse.swt.widgets.Widget.sendEvent(Widget.java:1061) [org.eclipse.swt.win32.win32.x86_64_3.103.0.v20140605-2012.jar:na]
	at org.eclipse.swt.widgets.Display.runDeferredEvents(Display.java:4172) [org.eclipse.swt.win32.win32.x86_64_3.103.0.v20140605-2012.jar:na]
	at org.eclipse.swt.widgets.Display.readAndDispatch(Display.java:3761) [org.eclipse.swt.win32.win32.x86_64_3.103.0.v20140605-2012.jar:na]
	at org.eclipse.e4.ui.internal.workbench.swt.PartRenderingEngine$9.run(PartRenderingEngine.java:1151) [org.eclipse.e4.ui.workbench.swt_0.12.100.v20140530-1436.jar:na]
	at org.eclipse.core.databinding.observable.Realm.runWithDefault(Realm.java:332) [org.eclipse.core.databinding.observable_1.4.1.v20140210-1835.jar:na]
	at org.eclipse.e4.ui.internal.workbench.swt.PartRenderingEngine.run(PartRenderingEngine.java:1032) [org.eclipse.e4.ui.workbench.swt_0.12.100.v20140530-1436.jar:na]
	at org.eclipse.e4.ui.internal.workbench.E4Workbench.createAndRunUI(E4Workbench.java:148) [org.eclipse.e4.ui.workbench_1.1.0.v20140528-1949.jar:na]
	at org.eclipse.ui.internal.Workbench$5.run(Workbench.java:636) [org.eclipse.ui.workbench_3.106.0.v20140530-0732.jar:na]
	at org.eclipse.core.databinding.observable.Realm.runWithDefault(Realm.java:332) [org.eclipse.core.databinding.observable_1.4.1.v20140210-1835.jar:na]
	at org.eclipse.ui.internal.Workbench.createAndRunWorkbench(Workbench.java:579) [org.eclipse.ui.workbench_3.106.0.v20140530-0732.jar:na]
	at org.eclipse.ui.PlatformUI.createAndRunWorkbench(PlatformUI.java:150) [org.eclipse.ui.workbench_3.106.0.v20140530-0732.jar:na]
	at org.eclipse.ui.internal.ide.application.IDEApplication.start(IDEApplication.java:135) [org.eclipse.ui.ide.application_1.0.500.v20140514-2033.jar:na]
	at org.eclipse.equinox.internal.app.EclipseAppHandle.run(EclipseAppHandle.java:196) [org.eclipse.equinox.app_1.3.200.v20130910-1609.jar:na]
	at org.eclipse.core.runtime.internal.adaptor.EclipseAppLauncher.runApplication(EclipseAppLauncher.java:134) [org.eclipse.osgi_3.10.0.v20140606-1445.jar:na]
	at org.eclipse.core.runtime.internal.adaptor.EclipseAppLauncher.start(EclipseAppLauncher.java:104) [org.eclipse.osgi_3.10.0.v20140606-1445.jar:na]
	at org.eclipse.core.runtime.adaptor.EclipseStarter.run(EclipseStarter.java:382) [org.eclipse.osgi_3.10.0.v20140606-1445.jar:na]
	at org.eclipse.core.runtime.adaptor.EclipseStarter.run(EclipseStarter.java:236) [org.eclipse.osgi_3.10.0.v20140606-1445.jar:na]
	at sun.reflect.NativeMethodAccessorImpl.invoke0(Native Method) ~[na:1.8.0_20]
	at sun.reflect.NativeMethodAccessorImpl.invoke(Unknown Source) ~[na:1.8.0_20]
	at sun.reflect.DelegatingMethodAccessorImpl.invoke(Unknown Source) ~[na:1.8.0_20]
	at java.lang.reflect.Method.invoke(Unknown Source) ~[na:1.8.0_20]
	at org.eclipse.equinox.launcher.Main.invokeFramework(Main.java:648) [org.eclipse.equinox.launcher_1.3.0.v20140415-2008.jar:na]
	at org.eclipse.equinox.launcher.Main.basicRun(Main.java:603) [org.eclipse.equinox.launcher_1.3.0.v20140415-2008.jar:na]
	at org.eclipse.equinox.launcher.Main.run(Main.java:1465) [org.eclipse.equinox.launcher_1.3.0.v20140415-2008.jar:na]
	at org.eclipse.equinox.launcher.Main.main(Main.java:1438) [org.eclipse.equinox.launcher_1.3.0.v20140415-2008.jar:na]
Caused by: java.lang.IllegalArgumentException: '&' is an invalid character in a configuration name
	at org.eclipse.debug.internal.core.LaunchManager.isValidLaunchConfigurationName(LaunchManager.java:2710) ~[org.eclipse.debug.core_3.9.0.v20140521-1435.jar:na]
	at org.eclipse.debug.internal.core.LaunchConfigurationType.newInstance(LaunchConfigurationType.java:473) ~[org.eclipse.debug.core_3.9.0.v20140521-1435.jar:na]
	... 44 common frames omitted
2015-02-20 16:05:35,666 [main] ERROR o.e.m2e.actions.ExecutePomAction - '&' is an invalid character in a configuration name
org.eclipse.core.runtime.CoreException: '&' is an invalid character in a configuration name
	at org.eclipse.debug.internal.core.LaunchConfigurationType.newInstance(LaunchConfigurationType.java:475) ~[org.eclipse.debug.core_3.9.0.v20140521-1435.jar:na]
	at org.eclipse.m2e.actions.ExecutePomAction.createLaunchConfiguration(ExecutePomAction.java:202) [org.eclipse.m2e.launching_1.5.0.20140606-0033.jar:na]
	at org.eclipse.m2e.actions.ExecutePomAction.getLaunchConfiguration(ExecutePomAction.java:261) [org.eclipse.m2e.launching_1.5.0.20140606-0033.jar:na]
	at org.eclipse.m2e.actions.ExecutePomAction.launch(ExecutePomAction.java:138) [org.eclipse.m2e.launching_1.5.0.20140606-0033.jar:na]
	at org.eclipse.m2e.actions.ExecutePomAction.launch(ExecutePomAction.java:127) [org.eclipse.m2e.launching_1.5.0.20140606-0033.jar:na]
	at org.eclipse.debug.internal.ui.launchConfigurations.LaunchShortcutExtension.launch(LaunchShortcutExtension.java:431) [org.eclipse.debug.ui_3.10.0.v20140604-1637.jar:na]
	at org.eclipse.debug.internal.ui.actions.LaunchShortcutAction.run(LaunchShortcutAction.java:74) [org.eclipse.debug.ui_3.10.0.v20140604-1637.jar:na]
	at org.eclipse.debug.internal.ui.actions.LaunchShortcutAction.runWithEvent(LaunchShortcutAction.java:123) [org.eclipse.debug.ui_3.10.0.v20140604-1637.jar:na]
	at org.eclipse.jface.action.ActionContributionItem.handleWidgetSelection(ActionContributionItem.java:595) [org.eclipse.jface_3.10.0.v20140604-0740.jar:na]
	at org.eclipse.jface.action.ActionContributionItem.access$2(ActionContributionItem.java:511) [org.eclipse.jface_3.10.0.v20140604-0740.jar:na]
	at org.eclipse.jface.action.ActionContributionItem$5.handleEvent(ActionContributionItem.java:420) [org.eclipse.jface_3.10.0.v20140604-0740.jar:na]
	at org.eclipse.swt.widgets.EventTable.sendEvent(EventTable.java:84) [org.eclipse.swt.win32.win32.x86_64_3.103.0.v20140605-2012.jar:na]
	at org.eclipse.swt.widgets.Display.sendEvent(Display.java:4353) [org.eclipse.swt.win32.win32.x86_64_3.103.0.v20140605-2012.jar:na]
	at org.eclipse.swt.widgets.Widget.sendEvent(Widget.java:1061) [org.eclipse.swt.win32.win32.x86_64_3.103.0.v20140605-2012.jar:na]
	at org.eclipse.swt.widgets.Widget.sendEvent(Widget.java:1085) [org.eclipse.swt.win32.win32.x86_64_3.103.0.v20140605-2012.jar:na]
	at org.eclipse.swt.widgets.Widget.sendEvent(Widget.java:1070) [org.eclipse.swt.win32.win32.x86_64_3.103.0.v20140605-2012.jar:na]
	at org.eclipse.swt.widgets.Widget.notifyListeners(Widget.java:782) [org.eclipse.swt.win32.win32.x86_64_3.103.0.v20140605-2012.jar:na]
	at org.eclipse.jface.action.ActionContributionItem$9.handleEvent(ActionContributionItem.java:1293) [org.eclipse.jface_3.10.0.v20140604-0740.jar:na]
	at org.eclipse.swt.widgets.EventTable.sendEvent(EventTable.java:84) [org.eclipse.swt.win32.win32.x86_64_3.103.0.v20140605-2012.jar:na]
	at org.eclipse.swt.widgets.Display.sendEvent(Display.java:4353) [org.eclipse.swt.win32.win32.x86_64_3.103.0.v20140605-2012.jar:na]
	at org.eclipse.swt.widgets.Widget.sendEvent(Widget.java:1061) [org.eclipse.swt.win32.win32.x86_64_3.103.0.v20140605-2012.jar:na]
	at org.eclipse.swt.widgets.Display.runDeferredEvents(Display.java:4172) [org.eclipse.swt.win32.win32.x86_64_3.103.0.v20140605-2012.jar:na]
	at org.eclipse.swt.widgets.Display.readAndDispatch(Display.java:3761) [org.eclipse.swt.win32.win32.x86_64_3.103.0.v20140605-2012.jar:na]
	at org.eclipse.e4.ui.internal.workbench.swt.PartRenderingEngine$9.run(PartRenderingEngine.java:1151) [org.eclipse.e4.ui.workbench.swt_0.12.100.v20140530-1436.jar:na]
	at org.eclipse.core.databinding.observable.Realm.runWithDefault(Realm.java:332) [org.eclipse.core.databinding.observable_1.4.1.v20140210-1835.jar:na]
	at org.eclipse.e4.ui.internal.workbench.swt.PartRenderingEngine.run(PartRenderingEngine.java:1032) [org.eclipse.e4.ui.workbench.swt_0.12.100.v20140530-1436.jar:na]
	at org.eclipse.e4.ui.internal.workbench.E4Workbench.createAndRunUI(E4Workbench.java:148) [org.eclipse.e4.ui.workbench_1.1.0.v20140528-1949.jar:na]
	at org.eclipse.ui.internal.Workbench$5.run(Workbench.java:636) [org.eclipse.ui.workbench_3.106.0.v20140530-0732.jar:na]
	at org.eclipse.core.databinding.observable.Realm.runWithDefault(Realm.java:332) [org.eclipse.core.databinding.observable_1.4.1.v20140210-1835.jar:na]
	at org.eclipse.ui.internal.Workbench.createAndRunWorkbench(Workbench.java:579) [org.eclipse.ui.workbench_3.106.0.v20140530-0732.jar:na]
	at org.eclipse.ui.PlatformUI.createAndRunWorkbench(PlatformUI.java:150) [org.eclipse.ui.workbench_3.106.0.v20140530-0732.jar:na]
	at org.eclipse.ui.internal.ide.application.IDEApplication.start(IDEApplication.java:135) [org.eclipse.ui.ide.application_1.0.500.v20140514-2033.jar:na]
	at org.eclipse.equinox.internal.app.EclipseAppHandle.run(EclipseAppHandle.java:196) [org.eclipse.equinox.app_1.3.200.v20130910-1609.jar:na]
	at org.eclipse.core.runtime.internal.adaptor.EclipseAppLauncher.runApplication(EclipseAppLauncher.java:134) [org.eclipse.osgi_3.10.0.v20140606-1445.jar:na]
	at org.eclipse.core.runtime.internal.adaptor.EclipseAppLauncher.start(EclipseAppLauncher.java:104) [org.eclipse.osgi_3.10.0.v20140606-1445.jar:na]
	at org.eclipse.core.runtime.adaptor.EclipseStarter.run(EclipseStarter.java:382) [org.eclipse.osgi_3.10.0.v20140606-1445.jar:na]
	at org.eclipse.core.runtime.adaptor.EclipseStarter.run(EclipseStarter.java:236) [org.eclipse.osgi_3.10.0.v20140606-1445.jar:na]
	at sun.reflect.NativeMethodAccessorImpl.invoke0(Native Method) ~[na:1.8.0_20]
	at sun.reflect.NativeMethodAccessorImpl.invoke(Unknown Source) ~[na:1.8.0_20]
	at sun.reflect.DelegatingMethodAccessorImpl.invoke(Unknown Source) ~[na:1.8.0_20]
	at java.lang.reflect.Method.invoke(Unknown Source) ~[na:1.8.0_20]
	at org.eclipse.equinox.launcher.Main.invokeFramework(Main.java:648) [org.eclipse.equinox.launcher_1.3.0.v20140415-2008.jar:na]
	at org.eclipse.equinox.launcher.Main.basicRun(Main.java:603) [org.eclipse.equinox.launcher_1.3.0.v20140415-2008.jar:na]
	at org.eclipse.equinox.launcher.Main.run(Main.java:1465) [org.eclipse.equinox.launcher_1.3.0.v20140415-2008.jar:na]
	at org.eclipse.equinox.launcher.Main.main(Main.java:1438) [org.eclipse.equinox.launcher_1.3.0.v20140415-2008.jar:na]
Caused by: java.lang.IllegalArgumentException: '&' is an invalid character in a configuration name
	at org.eclipse.debug.internal.core.LaunchManager.isValidLaunchConfigurationName(LaunchManager.java:2710) ~[org.eclipse.debug.core_3.9.0.v20140521-1435.jar:na]
	at org.eclipse.debug.internal.core.LaunchConfigurationType.newInstance(LaunchConfigurationType.java:473) ~[org.eclipse.debug.core_3.9.0.v20140521-1435.jar:na]
	... 44 common frames omitted
2015-02-20 16:10:04,810 [main] ERROR o.e.m2e.actions.ExecutePomAction - '&' is an invalid character in a configuration name
org.eclipse.core.runtime.CoreException: '&' is an invalid character in a configuration name
	at org.eclipse.debug.internal.core.LaunchConfigurationType.newInstance(LaunchConfigurationType.java:475) ~[org.eclipse.debug.core_3.9.0.v20140521-1435.jar:na]
	at org.eclipse.m2e.actions.ExecutePomAction.createLaunchConfiguration(ExecutePomAction.java:202) [org.eclipse.m2e.launching_1.5.0.20140606-0033.jar:na]
	at org.eclipse.m2e.actions.ExecutePomAction.getLaunchConfiguration(ExecutePomAction.java:261) [org.eclipse.m2e.launching_1.5.0.20140606-0033.jar:na]
	at org.eclipse.m2e.actions.ExecutePomAction.launch(ExecutePomAction.java:138) [org.eclipse.m2e.launching_1.5.0.20140606-0033.jar:na]
	at org.eclipse.m2e.actions.ExecutePomAction.launch(ExecutePomAction.java:127) [org.eclipse.m2e.launching_1.5.0.20140606-0033.jar:na]
	at org.eclipse.debug.internal.ui.launchConfigurations.LaunchShortcutExtension.launch(LaunchShortcutExtension.java:431) [org.eclipse.debug.ui_3.10.0.v20140604-1637.jar:na]
	at org.eclipse.debug.internal.ui.actions.LaunchShortcutAction.run(LaunchShortcutAction.java:74) [org.eclipse.debug.ui_3.10.0.v20140604-1637.jar:na]
	at org.eclipse.debug.internal.ui.actions.LaunchShortcutAction.runWithEvent(LaunchShortcutAction.java:123) [org.eclipse.debug.ui_3.10.0.v20140604-1637.jar:na]
	at org.eclipse.jface.action.ActionContributionItem.handleWidgetSelection(ActionContributionItem.java:595) [org.eclipse.jface_3.10.0.v20140604-0740.jar:na]
	at org.eclipse.jface.action.ActionContributionItem.access$2(ActionContributionItem.java:511) [org.eclipse.jface_3.10.0.v20140604-0740.jar:na]
	at org.eclipse.jface.action.ActionContributionItem$5.handleEvent(ActionContributionItem.java:420) [org.eclipse.jface_3.10.0.v20140604-0740.jar:na]
	at org.eclipse.swt.widgets.EventTable.sendEvent(EventTable.java:84) [org.eclipse.swt.win32.win32.x86_64_3.103.0.v20140605-2012.jar:na]
	at org.eclipse.swt.widgets.Display.sendEvent(Display.java:4353) [org.eclipse.swt.win32.win32.x86_64_3.103.0.v20140605-2012.jar:na]
	at org.eclipse.swt.widgets.Widget.sendEvent(Widget.java:1061) [org.eclipse.swt.win32.win32.x86_64_3.103.0.v20140605-2012.jar:na]
	at org.eclipse.swt.widgets.Widget.sendEvent(Widget.java:1085) [org.eclipse.swt.win32.win32.x86_64_3.103.0.v20140605-2012.jar:na]
	at org.eclipse.swt.widgets.Widget.sendEvent(Widget.java:1070) [org.eclipse.swt.win32.win32.x86_64_3.103.0.v20140605-2012.jar:na]
	at org.eclipse.swt.widgets.Widget.notifyListeners(Widget.java:782) [org.eclipse.swt.win32.win32.x86_64_3.103.0.v20140605-2012.jar:na]
	at org.eclipse.jface.action.ActionContributionItem$9.handleEvent(ActionContributionItem.java:1293) [org.eclipse.jface_3.10.0.v20140604-0740.jar:na]
	at org.eclipse.swt.widgets.EventTable.sendEvent(EventTable.java:84) [org.eclipse.swt.win32.win32.x86_64_3.103.0.v20140605-2012.jar:na]
	at org.eclipse.swt.widgets.Display.sendEvent(Display.java:4353) [org.eclipse.swt.win32.win32.x86_64_3.103.0.v20140605-2012.jar:na]
	at org.eclipse.swt.widgets.Widget.sendEvent(Widget.java:1061) [org.eclipse.swt.win32.win32.x86_64_3.103.0.v20140605-2012.jar:na]
	at org.eclipse.swt.widgets.Display.runDeferredEvents(Display.java:4172) [org.eclipse.swt.win32.win32.x86_64_3.103.0.v20140605-2012.jar:na]
	at org.eclipse.swt.widgets.Display.readAndDispatch(Display.java:3761) [org.eclipse.swt.win32.win32.x86_64_3.103.0.v20140605-2012.jar:na]
	at org.eclipse.e4.ui.internal.workbench.swt.PartRenderingEngine$9.run(PartRenderingEngine.java:1151) [org.eclipse.e4.ui.workbench.swt_0.12.100.v20140530-1436.jar:na]
	at org.eclipse.core.databinding.observable.Realm.runWithDefault(Realm.java:332) [org.eclipse.core.databinding.observable_1.4.1.v20140210-1835.jar:na]
	at org.eclipse.e4.ui.internal.workbench.swt.PartRenderingEngine.run(PartRenderingEngine.java:1032) [org.eclipse.e4.ui.workbench.swt_0.12.100.v20140530-1436.jar:na]
	at org.eclipse.e4.ui.internal.workbench.E4Workbench.createAndRunUI(E4Workbench.java:148) [org.eclipse.e4.ui.workbench_1.1.0.v20140528-1949.jar:na]
	at org.eclipse.ui.internal.Workbench$5.run(Workbench.java:636) [org.eclipse.ui.workbench_3.106.0.v20140530-0732.jar:na]
	at org.eclipse.core.databinding.observable.Realm.runWithDefault(Realm.java:332) [org.eclipse.core.databinding.observable_1.4.1.v20140210-1835.jar:na]
	at org.eclipse.ui.internal.Workbench.createAndRunWorkbench(Workbench.java:579) [org.eclipse.ui.workbench_3.106.0.v20140530-0732.jar:na]
	at org.eclipse.ui.PlatformUI.createAndRunWorkbench(PlatformUI.java:150) [org.eclipse.ui.workbench_3.106.0.v20140530-0732.jar:na]
	at org.eclipse.ui.internal.ide.application.IDEApplication.start(IDEApplication.java:135) [org.eclipse.ui.ide.application_1.0.500.v20140514-2033.jar:na]
	at org.eclipse.equinox.internal.app.EclipseAppHandle.run(EclipseAppHandle.java:196) [org.eclipse.equinox.app_1.3.200.v20130910-1609.jar:na]
	at org.eclipse.core.runtime.internal.adaptor.EclipseAppLauncher.runApplication(EclipseAppLauncher.java:134) [org.eclipse.osgi_3.10.0.v20140606-1445.jar:na]
	at org.eclipse.core.runtime.internal.adaptor.EclipseAppLauncher.start(EclipseAppLauncher.java:104) [org.eclipse.osgi_3.10.0.v20140606-1445.jar:na]
	at org.eclipse.core.runtime.adaptor.EclipseStarter.run(EclipseStarter.java:382) [org.eclipse.osgi_3.10.0.v20140606-1445.jar:na]
	at org.eclipse.core.runtime.adaptor.EclipseStarter.run(EclipseStarter.java:236) [org.eclipse.osgi_3.10.0.v20140606-1445.jar:na]
	at sun.reflect.NativeMethodAccessorImpl.invoke0(Native Method) ~[na:1.8.0_20]
	at sun.reflect.NativeMethodAccessorImpl.invoke(Unknown Source) ~[na:1.8.0_20]
	at sun.reflect.DelegatingMethodAccessorImpl.invoke(Unknown Source) ~[na:1.8.0_20]
	at java.lang.reflect.Method.invoke(Unknown Source) ~[na:1.8.0_20]
	at org.eclipse.equinox.launcher.Main.invokeFramework(Main.java:648) [org.eclipse.equinox.launcher_1.3.0.v20140415-2008.jar:na]
	at org.eclipse.equinox.launcher.Main.basicRun(Main.java:603) [org.eclipse.equinox.launcher_1.3.0.v20140415-2008.jar:na]
	at org.eclipse.equinox.launcher.Main.run(Main.java:1465) [org.eclipse.equinox.launcher_1.3.0.v20140415-2008.jar:na]
	at org.eclipse.equinox.launcher.Main.main(Main.java:1438) [org.eclipse.equinox.launcher_1.3.0.v20140415-2008.jar:na]
Caused by: java.lang.IllegalArgumentException: '&' is an invalid character in a configuration name
	at org.eclipse.debug.internal.core.LaunchManager.isValidLaunchConfigurationName(LaunchManager.java:2710) ~[org.eclipse.debug.core_3.9.0.v20140521-1435.jar:na]
	at org.eclipse.debug.internal.core.LaunchConfigurationType.newInstance(LaunchConfigurationType.java:473) ~[org.eclipse.debug.core_3.9.0.v20140521-1435.jar:na]
	... 44 common frames omitted
2015-02-20 16:32:19,688 [main] ERROR o.e.m2e.actions.ExecutePomAction - '&' is an invalid character in a configuration name
org.eclipse.core.runtime.CoreException: '&' is an invalid character in a configuration name
	at org.eclipse.debug.internal.core.LaunchConfigurationType.newInstance(LaunchConfigurationType.java:475) ~[org.eclipse.debug.core_3.9.0.v20140521-1435.jar:na]
	at org.eclipse.m2e.actions.ExecutePomAction.createLaunchConfiguration(ExecutePomAction.java:202) [org.eclipse.m2e.launching_1.5.0.20140606-0033.jar:na]
	at org.eclipse.m2e.actions.ExecutePomAction.getLaunchConfiguration(ExecutePomAction.java:261) [org.eclipse.m2e.launching_1.5.0.20140606-0033.jar:na]
	at org.eclipse.m2e.actions.ExecutePomAction.launch(ExecutePomAction.java:138) [org.eclipse.m2e.launching_1.5.0.20140606-0033.jar:na]
	at org.eclipse.m2e.actions.ExecutePomAction.launch(ExecutePomAction.java:127) [org.eclipse.m2e.launching_1.5.0.20140606-0033.jar:na]
	at org.eclipse.debug.internal.ui.launchConfigurations.LaunchShortcutExtension.launch(LaunchShortcutExtension.java:431) [org.eclipse.debug.ui_3.10.0.v20140604-1637.jar:na]
	at org.eclipse.debug.internal.ui.actions.LaunchShortcutAction.run(LaunchShortcutAction.java:74) [org.eclipse.debug.ui_3.10.0.v20140604-1637.jar:na]
	at org.eclipse.debug.internal.ui.actions.LaunchShortcutAction.runWithEvent(LaunchShortcutAction.java:123) [org.eclipse.debug.ui_3.10.0.v20140604-1637.jar:na]
	at org.eclipse.jface.action.ActionContributionItem.handleWidgetSelection(ActionContributionItem.java:595) [org.eclipse.jface_3.10.0.v20140604-0740.jar:na]
	at org.eclipse.jface.action.ActionContributionItem.access$2(ActionContributionItem.java:511) [org.eclipse.jface_3.10.0.v20140604-0740.jar:na]
	at org.eclipse.jface.action.ActionContributionItem$5.handleEvent(ActionContributionItem.java:420) [org.eclipse.jface_3.10.0.v20140604-0740.jar:na]
	at org.eclipse.swt.widgets.EventTable.sendEvent(EventTable.java:84) [org.eclipse.swt.win32.win32.x86_64_3.103.0.v20140605-2012.jar:na]
	at org.eclipse.swt.widgets.Display.sendEvent(Display.java:4353) [org.eclipse.swt.win32.win32.x86_64_3.103.0.v20140605-2012.jar:na]
	at org.eclipse.swt.widgets.Widget.sendEvent(Widget.java:1061) [org.eclipse.swt.win32.win32.x86_64_3.103.0.v20140605-2012.jar:na]
	at org.eclipse.swt.widgets.Widget.sendEvent(Widget.java:1085) [org.eclipse.swt.win32.win32.x86_64_3.103.0.v20140605-2012.jar:na]
	at org.eclipse.swt.widgets.Widget.sendEvent(Widget.java:1070) [org.eclipse.swt.win32.win32.x86_64_3.103.0.v20140605-2012.jar:na]
	at org.eclipse.swt.widgets.Widget.notifyListeners(Widget.java:782) [org.eclipse.swt.win32.win32.x86_64_3.103.0.v20140605-2012.jar:na]
	at org.eclipse.jface.action.ActionContributionItem$9.handleEvent(ActionContributionItem.java:1293) [org.eclipse.jface_3.10.0.v20140604-0740.jar:na]
	at org.eclipse.swt.widgets.EventTable.sendEvent(EventTable.java:84) [org.eclipse.swt.win32.win32.x86_64_3.103.0.v20140605-2012.jar:na]
	at org.eclipse.swt.widgets.Display.sendEvent(Display.java:4353) [org.eclipse.swt.win32.win32.x86_64_3.103.0.v20140605-2012.jar:na]
	at org.eclipse.swt.widgets.Widget.sendEvent(Widget.java:1061) [org.eclipse.swt.win32.win32.x86_64_3.103.0.v20140605-2012.jar:na]
	at org.eclipse.swt.widgets.Display.runDeferredEvents(Display.java:4172) [org.eclipse.swt.win32.win32.x86_64_3.103.0.v20140605-2012.jar:na]
	at org.eclipse.swt.widgets.Display.readAndDispatch(Display.java:3761) [org.eclipse.swt.win32.win32.x86_64_3.103.0.v20140605-2012.jar:na]
	at org.eclipse.e4.ui.internal.workbench.swt.PartRenderingEngine$9.run(PartRenderingEngine.java:1151) [org.eclipse.e4.ui.workbench.swt_0.12.100.v20140530-1436.jar:na]
	at org.eclipse.core.databinding.observable.Realm.runWithDefault(Realm.java:332) [org.eclipse.core.databinding.observable_1.4.1.v20140210-1835.jar:na]
	at org.eclipse.e4.ui.internal.workbench.swt.PartRenderingEngine.run(PartRenderingEngine.java:1032) [org.eclipse.e4.ui.workbench.swt_0.12.100.v20140530-1436.jar:na]
	at org.eclipse.e4.ui.internal.workbench.E4Workbench.createAndRunUI(E4Workbench.java:148) [org.eclipse.e4.ui.workbench_1.1.0.v20140528-1949.jar:na]
	at org.eclipse.ui.internal.Workbench$5.run(Workbench.java:636) [org.eclipse.ui.workbench_3.106.0.v20140530-0732.jar:na]
	at org.eclipse.core.databinding.observable.Realm.runWithDefault(Realm.java:332) [org.eclipse.core.databinding.observable_1.4.1.v20140210-1835.jar:na]
	at org.eclipse.ui.internal.Workbench.createAndRunWorkbench(Workbench.java:579) [org.eclipse.ui.workbench_3.106.0.v20140530-0732.jar:na]
	at org.eclipse.ui.PlatformUI.createAndRunWorkbench(PlatformUI.java:150) [org.eclipse.ui.workbench_3.106.0.v20140530-0732.jar:na]
	at org.eclipse.ui.internal.ide.application.IDEApplication.start(IDEApplication.java:135) [org.eclipse.ui.ide.application_1.0.500.v20140514-2033.jar:na]
	at org.eclipse.equinox.internal.app.EclipseAppHandle.run(EclipseAppHandle.java:196) [org.eclipse.equinox.app_1.3.200.v20130910-1609.jar:na]
	at org.eclipse.core.runtime.internal.adaptor.EclipseAppLauncher.runApplication(EclipseAppLauncher.java:134) [org.eclipse.osgi_3.10.0.v20140606-1445.jar:na]
	at org.eclipse.core.runtime.internal.adaptor.EclipseAppLauncher.start(EclipseAppLauncher.java:104) [org.eclipse.osgi_3.10.0.v20140606-1445.jar:na]
	at org.eclipse.core.runtime.adaptor.EclipseStarter.run(EclipseStarter.java:382) [org.eclipse.osgi_3.10.0.v20140606-1445.jar:na]
	at org.eclipse.core.runtime.adaptor.EclipseStarter.run(EclipseStarter.java:236) [org.eclipse.osgi_3.10.0.v20140606-1445.jar:na]
	at sun.reflect.NativeMethodAccessorImpl.invoke0(Native Method) ~[na:1.8.0_20]
	at sun.reflect.NativeMethodAccessorImpl.invoke(Unknown Source) ~[na:1.8.0_20]
	at sun.reflect.DelegatingMethodAccessorImpl.invoke(Unknown Source) ~[na:1.8.0_20]
	at java.lang.reflect.Method.invoke(Unknown Source) ~[na:1.8.0_20]
	at org.eclipse.equinox.launcher.Main.invokeFramework(Main.java:648) [org.eclipse.equinox.launcher_1.3.0.v20140415-2008.jar:na]
	at org.eclipse.equinox.launcher.Main.basicRun(Main.java:603) [org.eclipse.equinox.launcher_1.3.0.v20140415-2008.jar:na]
	at org.eclipse.equinox.launcher.Main.run(Main.java:1465) [org.eclipse.equinox.launcher_1.3.0.v20140415-2008.jar:na]
	at org.eclipse.equinox.launcher.Main.main(Main.java:1438) [org.eclipse.equinox.launcher_1.3.0.v20140415-2008.jar:na]
Caused by: java.lang.IllegalArgumentException: '&' is an invalid character in a configuration name
	at org.eclipse.debug.internal.core.LaunchManager.isValidLaunchConfigurationName(LaunchManager.java:2710) ~[org.eclipse.debug.core_3.9.0.v20140521-1435.jar:na]
	at org.eclipse.debug.internal.core.LaunchConfigurationType.newInstance(LaunchConfigurationType.java:473) ~[org.eclipse.debug.core_3.9.0.v20140521-1435.jar:na]
	... 44 common frames omitted
2015-02-20 16:32:29,968 [main] ERROR o.e.m2e.actions.ExecutePomAction - '&' is an invalid character in a configuration name
org.eclipse.core.runtime.CoreException: '&' is an invalid character in a configuration name
	at org.eclipse.debug.internal.core.LaunchConfigurationType.newInstance(LaunchConfigurationType.java:475) ~[org.eclipse.debug.core_3.9.0.v20140521-1435.jar:na]
	at org.eclipse.m2e.actions.ExecutePomAction.createLaunchConfiguration(ExecutePomAction.java:202) [org.eclipse.m2e.launching_1.5.0.20140606-0033.jar:na]
	at org.eclipse.m2e.actions.ExecutePomAction.getLaunchConfiguration(ExecutePomAction.java:261) [org.eclipse.m2e.launching_1.5.0.20140606-0033.jar:na]
	at org.eclipse.m2e.actions.ExecutePomAction.launch(ExecutePomAction.java:138) [org.eclipse.m2e.launching_1.5.0.20140606-0033.jar:na]
	at org.eclipse.m2e.actions.ExecutePomAction.launch(ExecutePomAction.java:127) [org.eclipse.m2e.launching_1.5.0.20140606-0033.jar:na]
	at org.eclipse.debug.internal.ui.launchConfigurations.LaunchShortcutExtension.launch(LaunchShortcutExtension.java:431) [org.eclipse.debug.ui_3.10.0.v20140604-1637.jar:na]
	at org.eclipse.debug.internal.ui.actions.LaunchShortcutAction.run(LaunchShortcutAction.java:74) [org.eclipse.debug.ui_3.10.0.v20140604-1637.jar:na]
	at org.eclipse.debug.internal.ui.actions.LaunchShortcutAction.runWithEvent(LaunchShortcutAction.java:123) [org.eclipse.debug.ui_3.10.0.v20140604-1637.jar:na]
	at org.eclipse.jface.action.ActionContributionItem.handleWidgetSelection(ActionContributionItem.java:595) [org.eclipse.jface_3.10.0.v20140604-0740.jar:na]
	at org.eclipse.jface.action.ActionContributionItem.access$2(ActionContributionItem.java:511) [org.eclipse.jface_3.10.0.v20140604-0740.jar:na]
	at org.eclipse.jface.action.ActionContributionItem$5.handleEvent(ActionContributionItem.java:420) [org.eclipse.jface_3.10.0.v20140604-0740.jar:na]
	at org.eclipse.swt.widgets.EventTable.sendEvent(EventTable.java:84) [org.eclipse.swt.win32.win32.x86_64_3.103.0.v20140605-2012.jar:na]
	at org.eclipse.swt.widgets.Display.sendEvent(Display.java:4353) [org.eclipse.swt.win32.win32.x86_64_3.103.0.v20140605-2012.jar:na]
	at org.eclipse.swt.widgets.Widget.sendEvent(Widget.java:1061) [org.eclipse.swt.win32.win32.x86_64_3.103.0.v20140605-2012.jar:na]
	at org.eclipse.swt.widgets.Widget.sendEvent(Widget.java:1085) [org.eclipse.swt.win32.win32.x86_64_3.103.0.v20140605-2012.jar:na]
	at org.eclipse.swt.widgets.Widget.sendEvent(Widget.java:1070) [org.eclipse.swt.win32.win32.x86_64_3.103.0.v20140605-2012.jar:na]
	at org.eclipse.swt.widgets.Widget.notifyListeners(Widget.java:782) [org.eclipse.swt.win32.win32.x86_64_3.103.0.v20140605-2012.jar:na]
	at org.eclipse.jface.action.ActionContributionItem$9.handleEvent(ActionContributionItem.java:1293) [org.eclipse.jface_3.10.0.v20140604-0740.jar:na]
	at org.eclipse.swt.widgets.EventTable.sendEvent(EventTable.java:84) [org.eclipse.swt.win32.win32.x86_64_3.103.0.v20140605-2012.jar:na]
	at org.eclipse.swt.widgets.Display.sendEvent(Display.java:4353) [org.eclipse.swt.win32.win32.x86_64_3.103.0.v20140605-2012.jar:na]
	at org.eclipse.swt.widgets.Widget.sendEvent(Widget.java:1061) [org.eclipse.swt.win32.win32.x86_64_3.103.0.v20140605-2012.jar:na]
	at org.eclipse.swt.widgets.Display.runDeferredEvents(Display.java:4172) [org.eclipse.swt.win32.win32.x86_64_3.103.0.v20140605-2012.jar:na]
	at org.eclipse.swt.widgets.Display.readAndDispatch(Display.java:3761) [org.eclipse.swt.win32.win32.x86_64_3.103.0.v20140605-2012.jar:na]
	at org.eclipse.e4.ui.internal.workbench.swt.PartRenderingEngine$9.run(PartRenderingEngine.java:1151) [org.eclipse.e4.ui.workbench.swt_0.12.100.v20140530-1436.jar:na]
	at org.eclipse.core.databinding.observable.Realm.runWithDefault(Realm.java:332) [org.eclipse.core.databinding.observable_1.4.1.v20140210-1835.jar:na]
	at org.eclipse.e4.ui.internal.workbench.swt.PartRenderingEngine.run(PartRenderingEngine.java:1032) [org.eclipse.e4.ui.workbench.swt_0.12.100.v20140530-1436.jar:na]
	at org.eclipse.e4.ui.internal.workbench.E4Workbench.createAndRunUI(E4Workbench.java:148) [org.eclipse.e4.ui.workbench_1.1.0.v20140528-1949.jar:na]
	at org.eclipse.ui.internal.Workbench$5.run(Workbench.java:636) [org.eclipse.ui.workbench_3.106.0.v20140530-0732.jar:na]
	at org.eclipse.core.databinding.observable.Realm.runWithDefault(Realm.java:332) [org.eclipse.core.databinding.observable_1.4.1.v20140210-1835.jar:na]
	at org.eclipse.ui.internal.Workbench.createAndRunWorkbench(Workbench.java:579) [org.eclipse.ui.workbench_3.106.0.v20140530-0732.jar:na]
	at org.eclipse.ui.PlatformUI.createAndRunWorkbench(PlatformUI.java:150) [org.eclipse.ui.workbench_3.106.0.v20140530-0732.jar:na]
	at org.eclipse.ui.internal.ide.application.IDEApplication.start(IDEApplication.java:135) [org.eclipse.ui.ide.application_1.0.500.v20140514-2033.jar:na]
	at org.eclipse.equinox.internal.app.EclipseAppHandle.run(EclipseAppHandle.java:196) [org.eclipse.equinox.app_1.3.200.v20130910-1609.jar:na]
	at org.eclipse.core.runtime.internal.adaptor.EclipseAppLauncher.runApplication(EclipseAppLauncher.java:134) [org.eclipse.osgi_3.10.0.v20140606-1445.jar:na]
	at org.eclipse.core.runtime.internal.adaptor.EclipseAppLauncher.start(EclipseAppLauncher.java:104) [org.eclipse.osgi_3.10.0.v20140606-1445.jar:na]
	at org.eclipse.core.runtime.adaptor.EclipseStarter.run(EclipseStarter.java:382) [org.eclipse.osgi_3.10.0.v20140606-1445.jar:na]
	at org.eclipse.core.runtime.adaptor.EclipseStarter.run(EclipseStarter.java:236) [org.eclipse.osgi_3.10.0.v20140606-1445.jar:na]
	at sun.reflect.NativeMethodAccessorImpl.invoke0(Native Method) ~[na:1.8.0_20]
	at sun.reflect.NativeMethodAccessorImpl.invoke(Unknown Source) ~[na:1.8.0_20]
	at sun.reflect.DelegatingMethodAccessorImpl.invoke(Unknown Source) ~[na:1.8.0_20]
	at java.lang.reflect.Method.invoke(Unknown Source) ~[na:1.8.0_20]
	at org.eclipse.equinox.launcher.Main.invokeFramework(Main.java:648) [org.eclipse.equinox.launcher_1.3.0.v20140415-2008.jar:na]
	at org.eclipse.equinox.launcher.Main.basicRun(Main.java:603) [org.eclipse.equinox.launcher_1.3.0.v20140415-2008.jar:na]
	at org.eclipse.equinox.launcher.Main.run(Main.java:1465) [org.eclipse.equinox.launcher_1.3.0.v20140415-2008.jar:na]
	at org.eclipse.equinox.launcher.Main.main(Main.java:1438) [org.eclipse.equinox.launcher_1.3.0.v20140415-2008.jar:na]
Caused by: java.lang.IllegalArgumentException: '&' is an invalid character in a configuration name
	at org.eclipse.debug.internal.core.LaunchManager.isValidLaunchConfigurationName(LaunchManager.java:2710) ~[org.eclipse.debug.core_3.9.0.v20140521-1435.jar:na]
	at org.eclipse.debug.internal.core.LaunchConfigurationType.newInstance(LaunchConfigurationType.java:473) ~[org.eclipse.debug.core_3.9.0.v20140521-1435.jar:na]
	... 44 common frames omitted
2015-02-20 16:33:31,834 [Worker-20] INFO  o.e.m.c.i.p.ProjectConfigurationManager - Update started
2015-02-20 16:33:31,903 [Worker-20] INFO  o.e.m.c.i.l.LifecycleMappingFactory - Using org.eclipse.m2e.jdt.JarLifecycleMapping lifecycle mapping for MavenProject: com.lesson6:CalculatorTesting:0.0.1-SNAPSHOT @ D:\Tutorial Automation\TestAutomationFundamentals Curse\9 Lesson_XUnit&TestNG\lesson6_javaProject\CalculatorTesting\pom.xml.
2015-02-20 16:33:32,019 [Worker-20] INFO  o.e.m.j.i.AbstractJavaProjectConfigurator - Adding source folder /CalculatorTesting/src/main/java
2015-02-20 16:33:32,019 [Worker-20] INFO  o.e.m.j.i.AbstractJavaProjectConfigurator - Adding resource folder /CalculatorTesting/src/main/resources
2015-02-20 16:33:32,020 [Worker-20] INFO  o.e.m.j.i.AbstractJavaProjectConfigurator - Adding source folder /CalculatorTesting/src/test/java
2015-02-20 16:33:32,020 [Worker-20] INFO  o.e.m.j.i.AbstractJavaProjectConfigurator - Adding resource folder /CalculatorTesting/src/test/resources
2015-02-20 16:33:32,167 [Worker-20] INFO  o.e.m.c.i.l.LifecycleMappingFactory - Using org.eclipse.m2e.jdt.JarLifecycleMapping lifecycle mapping for MavenProject: com.lesson6:CalculatorTesting:0.0.1-SNAPSHOT @ D:\Tutorial Automation\TestAutomationFundamentals Curse\9 Lesson_XUnit&TestNG\lesson6_javaProject\CalculatorTesting\pom.xml.
2015-02-20 16:33:32,234 [Worker-20] INFO  o.e.m.c.i.p.ProjectConfigurationManager - Update completed: 0 sec
2015-02-20 16:33:32,475 [Worker-21] WARN  o.e.m.c.i.embedder.EclipseLogger - Using platform encoding (Cp1252 actually) to copy filtered resources, i.e. build is platform dependent!
2015-02-20 16:33:32,477 [Worker-21] INFO  o.e.m.c.i.embedder.EclipseLogger - Copying 0 resource
2015-02-20 16:33:32,479 [Worker-21] WARN  o.e.m.c.i.embedder.EclipseLogger - Using platform encoding (Cp1252 actually) to copy filtered resources, i.e. build is platform dependent!
2015-02-20 16:33:32,480 [Worker-21] INFO  o.e.m.c.i.embedder.EclipseLogger - Copying 0 resource
2015-02-20 16:34:07,552 [Worker-17] INFO  o.e.m.c.i.l.LifecycleMappingFactory - Using org.eclipse.m2e.jdt.JarLifecycleMapping lifecycle mapping for MavenProject: com.lesson6:CalculatorTesting:0.0.1-SNAPSHOT @ D:\Tutorial Automation\TestAutomationFundamentals Curse\9 Lesson_XUnit&TestNG\lesson6_javaProject\CalculatorTesting\pom.xml.
2015-02-20 16:34:08,268 [Worker-17] WARN  o.e.m.c.i.embedder.EclipseLogger - Using platform encoding (Cp1252 actually) to copy filtered resources, i.e. build is platform dependent!
2015-02-20 16:34:08,269 [Worker-17] INFO  o.e.m.c.i.embedder.EclipseLogger - Copying 0 resource
2015-02-20 16:34:08,271 [Worker-17] WARN  o.e.m.c.i.embedder.EclipseLogger - Using platform encoding (Cp1252 actually) to copy filtered resources, i.e. build is platform dependent!
2015-02-20 16:34:08,273 [Worker-17] INFO  o.e.m.c.i.embedder.EclipseLogger - Copying 0 resource
2015-02-20 16:34:10,104 [Worker-23] WARN  o.e.m.c.i.embedder.EclipseLogger - Using platform encoding (Cp1252 actually) to copy filtered resources, i.e. build is platform dependent!
2015-02-20 16:34:10,106 [Worker-23] INFO  o.e.m.c.i.embedder.EclipseLogger - Copying 0 resource
2015-02-20 16:34:10,108 [Worker-23] WARN  o.e.m.c.i.embedder.EclipseLogger - Using platform encoding (Cp1252 actually) to copy filtered resources, i.e. build is platform dependent!
2015-02-20 16:34:10,109 [Worker-23] INFO  o.e.m.c.i.embedder.EclipseLogger - Copying 0 resource
2015-02-20 16:35:06,369 [Worker-23] INFO  o.e.m.c.i.l.LifecycleMappingFactory - Using org.eclipse.m2e.jdt.JarLifecycleMapping lifecycle mapping for MavenProject: com.lesson6:CalculatorTesting:0.0.1-SNAPSHOT @ D:\Tutorial Automation\TestAutomationFundamentals Curse\9 Lesson_XUnit&TestNG\lesson6_javaProject\CalculatorTesting\pom.xml.
2015-02-20 16:35:07,025 [Worker-23] WARN  o.e.m.c.i.embedder.EclipseLogger - Using platform encoding (Cp1252 actually) to copy filtered resources, i.e. build is platform dependent!
2015-02-20 16:35:07,027 [Worker-23] INFO  o.e.m.c.i.embedder.EclipseLogger - Copying 0 resource
2015-02-20 16:35:07,028 [Worker-23] WARN  o.e.m.c.i.embedder.EclipseLogger - Using platform encoding (Cp1252 actually) to copy filtered resources, i.e. build is platform dependent!
2015-02-20 16:35:07,030 [Worker-23] INFO  o.e.m.c.i.embedder.EclipseLogger - Copying 0 resource
2015-02-20 16:35:22,725 [Worker-21] WARN  o.e.m.c.i.embedder.EclipseLogger - Using platform encoding (Cp1252 actually) to copy filtered resources, i.e. build is platform dependent!
2015-02-20 16:35:22,726 [Worker-21] INFO  o.e.m.c.i.embedder.EclipseLogger - Copying 0 resource
2015-02-20 16:35:22,728 [Worker-21] WARN  o.e.m.c.i.embedder.EclipseLogger - Using platform encoding (Cp1252 actually) to copy filtered resources, i.e. build is platform dependent!
2015-02-20 16:35:22,729 [Worker-21] INFO  o.e.m.c.i.embedder.EclipseLogger - Copying 0 resource
2015-02-20 16:36:53,009 [Worker-20] WARN  o.e.m.c.i.embedder.EclipseLogger - Using platform encoding (Cp1252 actually) to copy filtered resources, i.e. build is platform dependent!
2015-02-20 16:36:53,010 [Worker-20] INFO  o.e.m.c.i.embedder.EclipseLogger - Copying 0 resource
2015-02-20 16:36:53,016 [Worker-20] WARN  o.e.m.c.i.embedder.EclipseLogger - Using platform encoding (Cp1252 actually) to copy filtered resources, i.e. build is platform dependent!
2015-02-20 16:36:53,016 [Worker-20] INFO  o.e.m.c.i.embedder.EclipseLogger - Copying 0 resource
2015-02-20 16:38:57,279 [Worker-22] INFO  o.e.m.c.i.l.LifecycleMappingFactory - Using org.eclipse.m2e.jdt.JarLifecycleMapping lifecycle mapping for MavenProject: com.lesson6:CalculatorTesting:0.0.1-SNAPSHOT @ D:\Tutorial Automation\TestAutomationFundamentals Curse\9 Lesson_XUnit&TestNG\lesson6_javaProject\CalculatorTesting\pom.xml.
2015-02-20 16:38:57,814 [Worker-22] WARN  o.e.m.c.i.embedder.EclipseLogger - Using platform encoding (Cp1252 actually) to copy filtered resources, i.e. build is platform dependent!
2015-02-20 16:38:57,815 [Worker-22] INFO  o.e.m.c.i.embedder.EclipseLogger - Copying 0 resource
2015-02-20 16:38:57,817 [Worker-22] WARN  o.e.m.c.i.embedder.EclipseLogger - Using platform encoding (Cp1252 actually) to copy filtered resources, i.e. build is platform dependent!
2015-02-20 16:38:57,818 [Worker-22] INFO  o.e.m.c.i.embedder.EclipseLogger - Copying 0 resource
2015-02-20 16:39:07,028 [Worker-20] INFO  o.e.m.c.i.l.LifecycleMappingFactory - Using org.eclipse.m2e.jdt.JarLifecycleMapping lifecycle mapping for MavenProject: com.lesson6:CalculatorTesting:0.0.1-SNAPSHOT @ D:\Tutorial Automation\TestAutomationFundamentals Curse\9 Lesson_XUnit&TestNG\lesson6_javaProject\CalculatorTesting\pom.xml.
2015-02-20 16:39:07,622 [Worker-20] WARN  o.e.m.c.i.embedder.EclipseLogger - Using platform encoding (Cp1252 actually) to copy filtered resources, i.e. build is platform dependent!
2015-02-20 16:39:07,623 [Worker-20] INFO  o.e.m.c.i.embedder.EclipseLogger - Copying 0 resource
2015-02-20 16:39:07,627 [Worker-20] WARN  o.e.m.c.i.embedder.EclipseLogger - Using platform encoding (Cp1252 actually) to copy filtered resources, i.e. build is platform dependent!
2015-02-20 16:39:07,628 [Worker-20] INFO  o.e.m.c.i.embedder.EclipseLogger - Copying 0 resource
2015-02-20 16:39:42,279 [Worker-21] WARN  o.e.m.c.i.embedder.EclipseLogger - Using platform encoding (Cp1252 actually) to copy filtered resources, i.e. build is platform dependent!
2015-02-20 16:39:42,281 [Worker-21] INFO  o.e.m.c.i.embedder.EclipseLogger - Copying 0 resource
2015-02-20 16:39:42,284 [Worker-21] WARN  o.e.m.c.i.embedder.EclipseLogger - Using platform encoding (Cp1252 actually) to copy filtered resources, i.e. build is platform dependent!
2015-02-20 16:39:42,285 [Worker-21] INFO  o.e.m.c.i.embedder.EclipseLogger - Copying 0 resource
2015-02-20 17:20:58,441 [Worker-20] WARN  o.e.m.c.i.embedder.EclipseLogger - Using platform encoding (Cp1252 actually) to copy filtered resources, i.e. build is platform dependent!
2015-02-20 17:20:58,454 [Worker-20] INFO  o.e.m.c.i.embedder.EclipseLogger - Copying 0 resource
2015-02-20 17:20:58,458 [Worker-20] WARN  o.e.m.c.i.embedder.EclipseLogger - Using platform encoding (Cp1252 actually) to copy filtered resources, i.e. build is platform dependent!
2015-02-20 17:20:58,459 [Worker-20] INFO  o.e.m.c.i.embedder.EclipseLogger - Copying 0 resource
